[ 2018-06-13T09:48:23+08:00 ] ::1 /Admin/Cases/assets/img/k.jpg
INFO: [ app_init ] --START--
INFO: Run Behavior\BuildLiteBehavior [ RunTime:0.000013s ]
INFO: [ app_init ] --END-- [ RunTime:0.000298s ]

[ 2018-06-13T09:48:23+08:00 ] ::1 /Admin/Cases/assets/img/k.jpg
INFO: [ app_init ] --START--
INFO: Run Behavior\BuildLiteBehavior [ RunTime:0.000011s ]
INFO: [ app_init ] --END-- [ RunTime:0.000289s ]

[ 2018-06-13T09:48:35+08:00 ] ::1 /Admin/Cases/assets/img/k.jpg
INFO: [ app_init ] --START--
INFO: Run Behavior\BuildLiteBehavior [ RunTime:0.000014s ]
INFO: [ app_init ] --END-- [ RunTime:0.000360s ]

[ 2018-06-13T09:48:35+08:00 ] ::1 /Admin/Cases/assets/img/k.jpg
INFO: [ app_init ] --START--
INFO: Run Behavior\BuildLiteBehavior [ RunTime:0.000012s ]
INFO: [ app_init ] --END-- [ RunTime:0.000274s ]

[ 2018-06-13T09:48:40+08:00 ] ::1 /Admin/Cases/assets/img/k.jpg
INFO: [ app_init ] --START--
INFO: Run Behavior\BuildLiteBehavior [ RunTime:0.000012s ]
INFO: [ app_init ] --END-- [ RunTime:0.000270s ]

[ 2018-06-13T09:48:40+08:00 ] ::1 /Admin/Cases/assets/img/k.jpg
INFO: [ app_init ] --START--
INFO: Run Behavior\BuildLiteBehavior [ RunTime:0.000012s ]
INFO: [ app_init ] --END-- [ RunTime:0.000301s ]

[ 2018-06-13T09:48:42+08:00 ] ::1 /Admin/Cases/assets/img/k.jpg
INFO: [ app_init ] --START--
INFO: Run Behavior\BuildLiteBehavior [ RunTime:0.000012s ]
INFO: [ app_init ] --END-- [ RunTime:0.000275s ]

[ 2018-06-13T09:48:46+08:00 ] ::1 /Admin/Cases/assets/img/k.jpg
INFO: [ app_init ] --START--
INFO: Run Behavior\BuildLiteBehavior [ RunTime:0.000020s ]
INFO: [ app_init ] --END-- [ RunTime:0.000537s ]

[ 2018-06-13T09:48:46+08:00 ] ::1 /Admin/Cases/assets/img/k.jpg
INFO: [ app_init ] --START--
INFO: Run Behavior\BuildLiteBehavior [ RunTime:0.000011s ]
INFO: [ app_init ] --END-- [ RunTime:0.000264s ]

[ 2018-06-13T09:48:47+08:00 ] ::1 /Admin/Cases/assets/img/k.jpg
INFO: [ app_init ] --START--
INFO: Run Behavior\BuildLiteBehavior [ RunTime:0.000012s ]
INFO: [ app_init ] --END-- [ RunTime:0.000311s ]

[ 2018-06-13T09:58:32+08:00 ] ::1 /Admin/Cases/assets/img/k.jpg
INFO: [ app_init ] --START--
INFO: Run Behavior\BuildLiteBehavior [ RunTime:0.000016s ]
INFO: [ app_init ] --END-- [ RunTime:0.000411s ]

[ 2018-06-13T09:58:38+08:00 ] ::1 /Admin/Cases/assets/img/k.jpg
INFO: [ app_init ] --START--
INFO: Run Behavior\BuildLiteBehavior [ RunTime:0.000017s ]
INFO: [ app_init ] --END-- [ RunTime:0.000734s ]

[ 2018-06-13T09:58:38+08:00 ] ::1 /Admin/Cases/assets/img/k.jpg
INFO: [ app_init ] --START--
INFO: Run Behavior\BuildLiteBehavior [ RunTime:0.000049s ]
INFO: [ app_init ] --END-- [ RunTime:0.000831s ]

[ 2018-06-13T09:59:09+08:00 ] ::1 /Admin/Cases/assets/img/k.jpg
INFO: [ app_init ] --START--
INFO: Run Behavior\BuildLiteBehavior [ RunTime:0.000012s ]
INFO: [ app_init ] --END-- [ RunTime:0.000302s ]

[ 2018-06-13T09:59:09+08:00 ] ::1 /Admin/Cases/assets/img/k.jpg
INFO: [ app_init ] --START--
INFO: Run Behavior\BuildLiteBehavior [ RunTime:0.000015s ]
INFO: [ app_init ] --END-- [ RunTime:0.000512s ]

[ 2018-06-13T10:00:34+08:00 ] ::1 /Admin/Cases/assets/img/k.jpg
INFO: [ app_init ] --START--
INFO: Run Behavior\BuildLiteBehavior [ RunTime:0.000013s ]
INFO: [ app_init ] --END-- [ RunTime:0.000302s ]

[ 2018-06-13T10:00:34+08:00 ] ::1 /Admin/Cases/assets/img/k.jpg
INFO: [ app_init ] --START--
INFO: Run Behavior\BuildLiteBehavior [ RunTime:0.000012s ]
INFO: [ app_init ] --END-- [ RunTime:0.000275s ]

[ 2018-06-13T10:01:06+08:00 ] ::1 /Admin/Cases/assets/img/k.jpg
INFO: [ app_init ] --START--
INFO: Run Behavior\BuildLiteBehavior [ RunTime:0.000018s ]
INFO: [ app_init ] --END-- [ RunTime:0.000422s ]

[ 2018-06-13T10:01:06+08:00 ] ::1 /Admin/Cases/assets/img/k.jpg
INFO: [ app_init ] --START--
INFO: Run Behavior\BuildLiteBehavior [ RunTime:0.000013s ]
INFO: [ app_init ] --END-- [ RunTime:0.000318s ]

[ 2018-06-13T10:02:28+08:00 ] ::1 /Admin/Cases/assets/img/k.jpg
INFO: [ app_init ] --START--
INFO: Run Behavior\BuildLiteBehavior [ RunTime:0.000027s ]
INFO: [ app_init ] --END-- [ RunTime:0.000455s ]

[ 2018-06-13T10:02:28+08:00 ] ::1 /Admin/Cases/assets/img/k.jpg
INFO: [ app_init ] --START--
INFO: Run Behavior\BuildLiteBehavior [ RunTime:0.000011s ]
INFO: [ app_init ] --END-- [ RunTime:0.000272s ]

[ 2018-06-13T10:02:47+08:00 ] ::1 /Admin/Cases/assets/img/k.jpg
INFO: [ app_init ] --START--
INFO: Run Behavior\BuildLiteBehavior [ RunTime:0.000015s ]
INFO: [ app_init ] --END-- [ RunTime:0.000398s ]

[ 2018-06-13T10:02:47+08:00 ] ::1 /Admin/Cases/assets/img/k.jpg
INFO: [ app_init ] --START--
INFO: Run Behavior\BuildLiteBehavior [ RunTime:0.000013s ]
INFO: [ app_init ] --END-- [ RunTime:0.000282s ]

[ 2018-06-13T10:04:13+08:00 ] ::1 /Admin/Cases/assets/img/k.jpg
INFO: [ app_init ] --START--
INFO: Run Behavior\BuildLiteBehavior [ RunTime:0.000015s ]
INFO: [ app_init ] --END-- [ RunTime:0.000560s ]

[ 2018-06-13T10:04:13+08:00 ] ::1 /Admin/Cases/assets/img/k.jpg
INFO: [ app_init ] --START--
INFO: Run Behavior\BuildLiteBehavior [ RunTime:0.000011s ]
INFO: [ app_init ] --END-- [ RunTime:0.000267s ]

[ 2018-06-13T10:04:18+08:00 ] ::1 /Admin/Cases/assets/img/k.jpg
INFO: [ app_init ] --START--
INFO: Run Behavior\BuildLiteBehavior [ RunTime:0.000021s ]
INFO: [ app_init ] --END-- [ RunTime:0.000451s ]

[ 2018-06-13T10:04:20+08:00 ] ::1 /Admin/Cases/assets/img/k.jpg
INFO: [ app_init ] --START--
INFO: Run Behavior\BuildLiteBehavior [ RunTime:0.000012s ]
INFO: [ app_init ] --END-- [ RunTime:0.000284s ]

[ 2018-06-13T10:06:11+08:00 ] ::1 /Admin/Cases/assets/img/k.jpg
INFO: [ app_init ] --START--
INFO: Run Behavior\BuildLiteBehavior [ RunTime:0.000016s ]
INFO: [ app_init ] --END-- [ RunTime:0.000384s ]

[ 2018-06-13T10:06:11+08:00 ] ::1 /Admin/Cases/assets/img/k.jpg
INFO: [ app_init ] --START--
INFO: Run Behavior\BuildLiteBehavior [ RunTime:0.000014s ]
INFO: [ app_init ] --END-- [ RunTime:0.000504s ]

[ 2018-06-13T10:07:02+08:00 ] ::1 /Admin/Cases/assets/img/k.jpg
INFO: [ app_init ] --START--
INFO: Run Behavior\BuildLiteBehavior [ RunTime:0.000013s ]
INFO: [ app_init ] --END-- [ RunTime:0.000389s ]

[ 2018-06-13T10:07:02+08:00 ] ::1 /Admin/Cases/assets/img/k.jpg
INFO: [ app_init ] --START--
INFO: Run Behavior\BuildLiteBehavior [ RunTime:0.000011s ]
INFO: [ app_init ] --END-- [ RunTime:0.000264s ]

[ 2018-06-13T10:07:07+08:00 ] ::1 /Admin/Cases/assets/img/k.jpg
INFO: [ app_init ] --START--
INFO: Run Behavior\BuildLiteBehavior [ RunTime:0.000017s ]
INFO: [ app_init ] --END-- [ RunTime:0.000482s ]

[ 2018-06-13T10:07:07+08:00 ] ::1 /Admin/Cases/assets/img/k.jpg
INFO: [ app_init ] --START--
INFO: Run Behavior\BuildLiteBehavior [ RunTime:0.000011s ]
INFO: [ app_init ] --END-- [ RunTime:0.000264s ]

[ 2018-06-13T10:07:15+08:00 ] ::1 /Admin/Cases/assets/img/k.jpg
INFO: [ app_init ] --START--
INFO: Run Behavior\BuildLiteBehavior [ RunTime:0.000020s ]
INFO: [ app_init ] --END-- [ RunTime:0.001167s ]

[ 2018-06-13T10:07:16+08:00 ] ::1 /Admin/Cases/assets/img/k.jpg
INFO: [ app_init ] --START--
INFO: Run Behavior\BuildLiteBehavior [ RunTime:0.000013s ]
INFO: [ app_init ] --END-- [ RunTime:0.000403s ]

[ 2018-06-13T10:07:16+08:00 ] ::1 /Admin/Cases/assets/img/k.jpg
INFO: [ app_init ] --START--
INFO: Run Behavior\BuildLiteBehavior [ RunTime:0.000014s ]
INFO: [ app_init ] --END-- [ RunTime:0.000312s ]

[ 2018-06-13T10:07:37+08:00 ] ::1 /Admin/Cases/assets/img/k.jpg
INFO: [ app_init ] --START--
INFO: Run Behavior\BuildLiteBehavior [ RunTime:0.000013s ]
INFO: [ app_init ] --END-- [ RunTime:0.000283s ]

[ 2018-06-13T10:07:37+08:00 ] ::1 /Admin/Cases/assets/img/k.jpg
INFO: [ app_init ] --START--
INFO: Run Behavior\BuildLiteBehavior [ RunTime:0.000013s ]
INFO: [ app_init ] --END-- [ RunTime:0.000312s ]

[ 2018-06-13T10:07:38+08:00 ] ::1 /Admin/Cases/assets/img/k.jpg
INFO: [ app_init ] --START--
INFO: Run Behavior\BuildLiteBehavior [ RunTime:0.000064s ]
INFO: [ app_init ] --END-- [ RunTime:0.000965s ]

[ 2018-06-13T10:07:38+08:00 ] ::1 /Admin/Cases/assets/img/k.jpg
INFO: [ app_init ] --START--
INFO: Run Behavior\BuildLiteBehavior [ RunTime:0.000012s ]
INFO: [ app_init ] --END-- [ RunTime:0.000307s ]

[ 2018-06-13T10:09:30+08:00 ] ::1 /Admin/Cases/assets/img/k.jpg
INFO: [ app_init ] --START--
INFO: Run Behavior\BuildLiteBehavior [ RunTime:0.000012s ]
INFO: [ app_init ] --END-- [ RunTime:0.000285s ]

[ 2018-06-13T10:09:30+08:00 ] ::1 /Admin/Cases/assets/img/k.jpg
INFO: [ app_init ] --START--
INFO: Run Behavior\BuildLiteBehavior [ RunTime:0.000011s ]
INFO: [ app_init ] --END-- [ RunTime:0.000265s ]

[ 2018-06-13T10:09:32+08:00 ] ::1 /Admin/Cases/assets/img/k.jpg
INFO: [ app_init ] --START--
INFO: Run Behavior\BuildLiteBehavior [ RunTime:0.000011s ]
INFO: [ app_init ] --END-- [ RunTime:0.000264s ]

[ 2018-06-13T10:09:32+08:00 ] ::1 /Admin/Cases/assets/img/k.jpg
INFO: [ app_init ] --START--
INFO: Run Behavior\BuildLiteBehavior [ RunTime:0.000025s ]
INFO: [ app_init ] --END-- [ RunTime:0.000320s ]

[ 2018-06-13T10:09:49+08:00 ] ::1 /Admin/Cases/assets/img/k.jpg
INFO: [ app_init ] --START--
INFO: Run Behavior\BuildLiteBehavior [ RunTime:0.000019s ]
INFO: [ app_init ] --END-- [ RunTime:0.001358s ]

[ 2018-06-13T10:09:49+08:00 ] ::1 /Admin/Cases/assets/img/k.jpg
INFO: [ app_init ] --START--
INFO: Run Behavior\BuildLiteBehavior [ RunTime:0.000012s ]
INFO: [ app_init ] --END-- [ RunTime:0.000266s ]

[ 2018-06-13T10:09:54+08:00 ] ::1 /Admin/Cases/assets/img/k.jpg
INFO: [ app_init ] --START--
INFO: Run Behavior\BuildLiteBehavior [ RunTime:0.000018s ]
INFO: [ app_init ] --END-- [ RunTime:0.000430s ]

[ 2018-06-13T10:09:54+08:00 ] ::1 /Admin/Cases/assets/img/k.jpg
INFO: [ app_init ] --START--
INFO: Run Behavior\BuildLiteBehavior [ RunTime:0.000013s ]
INFO: [ app_init ] --END-- [ RunTime:0.000387s ]

[ 2018-06-13T10:09:57+08:00 ] ::1 /Admin/Cases/assets/img/k.jpg
INFO: [ app_init ] --START--
INFO: Run Behavior\BuildLiteBehavior [ RunTime:0.000011s ]
INFO: [ app_init ] --END-- [ RunTime:0.000265s ]

[ 2018-06-13T10:09:58+08:00 ] ::1 /Admin/Cases/assets/img/k.jpg
INFO: [ app_init ] --START--
INFO: Run Behavior\BuildLiteBehavior [ RunTime:0.000050s ]
INFO: [ app_init ] --END-- [ RunTime:0.004779s ]

[ 2018-06-13T10:10:03+08:00 ] ::1 /Admin/Cases/assets/img/k.jpg
INFO: [ app_init ] --START--
INFO: Run Behavior\BuildLiteBehavior [ RunTime:0.000016s ]
INFO: [ app_init ] --END-- [ RunTime:0.000392s ]

[ 2018-06-13T10:10:03+08:00 ] ::1 /Admin/Cases/assets/img/k.jpg
INFO: [ app_init ] --START--
INFO: Run Behavior\BuildLiteBehavior [ RunTime:0.000016s ]
INFO: [ app_init ] --END-- [ RunTime:0.000408s ]

[ 2018-06-13T10:10:13+08:00 ] ::1 /Admin/Cases/assets/img/k.jpg
INFO: [ app_init ] --START--
INFO: Run Behavior\BuildLiteBehavior [ RunTime:0.000013s ]
INFO: [ app_init ] --END-- [ RunTime:0.000288s ]

[ 2018-06-13T10:10:13+08:00 ] ::1 /Admin/Cases/assets/img/k.jpg
INFO: [ app_init ] --START--
INFO: Run Behavior\BuildLiteBehavior [ RunTime:0.000018s ]
INFO: [ app_init ] --END-- [ RunTime:0.001402s ]

[ 2018-06-13T10:10:53+08:00 ] ::1 /Admin/Cases/assets/img/k.jpg
INFO: [ app_init ] --START--
INFO: Run Behavior\BuildLiteBehavior [ RunTime:0.000018s ]
INFO: [ app_init ] --END-- [ RunTime:0.000442s ]

[ 2018-06-13T10:10:53+08:00 ] ::1 /Admin/Cases/assets/img/k.jpg
INFO: [ app_init ] --START--
INFO: Run Behavior\BuildLiteBehavior [ RunTime:0.000013s ]
INFO: [ app_init ] --END-- [ RunTime:0.000417s ]

[ 2018-06-13T10:11:01+08:00 ] ::1 /Admin/Cases/assets/img/k.jpg
INFO: [ app_init ] --START--
INFO: Run Behavior\BuildLiteBehavior [ RunTime:0.000013s ]
INFO: [ app_init ] --END-- [ RunTime:0.000374s ]

[ 2018-06-13T10:11:02+08:00 ] ::1 /Admin/Cases/assets/img/k.jpg
INFO: [ app_init ] --START--
INFO: Run Behavior\BuildLiteBehavior [ RunTime:0.000023s ]
INFO: [ app_init ] --END-- [ RunTime:0.000492s ]

[ 2018-06-13T10:11:03+08:00 ] ::1 /Admin/Cases/assets/img/k.jpg
INFO: [ app_init ] --START--
INFO: Run Behavior\BuildLiteBehavior [ RunTime:0.000022s ]
INFO: [ app_init ] --END-- [ RunTime:0.000479s ]

[ 2018-06-13T10:11:03+08:00 ] ::1 /Admin/Cases/assets/img/k.jpg
INFO: [ app_init ] --START--
INFO: Run Behavior\BuildLiteBehavior [ RunTime:0.000025s ]
INFO: [ app_init ] --END-- [ RunTime:0.000729s ]

[ 2018-06-13T10:11:05+08:00 ] ::1 /Admin/Cases/assets/img/k.jpg
INFO: [ app_init ] --START--
INFO: Run Behavior\BuildLiteBehavior [ RunTime:0.000013s ]
INFO: [ app_init ] --END-- [ RunTime:0.000288s ]

[ 2018-06-13T10:11:05+08:00 ] ::1 /Admin/Cases/assets/img/k.jpg
INFO: [ app_init ] --START--
INFO: Run Behavior\BuildLiteBehavior [ RunTime:0.000012s ]
INFO: [ app_init ] --END-- [ RunTime:0.000290s ]

[ 2018-06-13T10:11:15+08:00 ] ::1 /Admin/Cases/assets/img/k.jpg
INFO: [ app_init ] --START--
INFO: Run Behavior\BuildLiteBehavior [ RunTime:0.000014s ]
INFO: [ app_init ] --END-- [ RunTime:0.000289s ]

[ 2018-06-13T10:11:15+08:00 ] ::1 /Admin/Cases/assets/img/k.jpg
INFO: [ app_init ] --START--
INFO: Run Behavior\BuildLiteBehavior [ RunTime:0.000012s ]
INFO: [ app_init ] --END-- [ RunTime:0.000302s ]

[ 2018-06-13T10:11:33+08:00 ] ::1 /Admin/Cases/assets/img/k.jpg
INFO: [ app_init ] --START--
INFO: Run Behavior\BuildLiteBehavior [ RunTime:0.000017s ]
INFO: [ app_init ] --END-- [ RunTime:0.000584s ]

[ 2018-06-13T10:11:33+08:00 ] ::1 /Admin/Cases/assets/img/k.jpg
INFO: [ app_init ] --START--
INFO: Run Behavior\BuildLiteBehavior [ RunTime:0.000014s ]
INFO: [ app_init ] --END-- [ RunTime:0.000316s ]

[ 2018-06-13T10:12:32+08:00 ] ::1 /Admin/Cases/assets/img/k.jpg
INFO: [ app_init ] --START--
INFO: Run Behavior\BuildLiteBehavior [ RunTime:0.000012s ]
INFO: [ app_init ] --END-- [ RunTime:0.000285s ]

[ 2018-06-13T10:12:32+08:00 ] ::1 /Admin/Cases/assets/img/k.jpg
INFO: [ app_init ] --START--
INFO: Run Behavior\BuildLiteBehavior [ RunTime:0.000018s ]
INFO: [ app_init ] --END-- [ RunTime:0.000329s ]

[ 2018-06-13T10:12:44+08:00 ] ::1 /Admin/Cases/assets/img/k.jpg
INFO: [ app_init ] --START--
INFO: Run Behavior\BuildLiteBehavior [ RunTime:0.000017s ]
INFO: [ app_init ] --END-- [ RunTime:0.000560s ]

[ 2018-06-13T10:12:44+08:00 ] ::1 /Admin/Cases/assets/img/k.jpg
INFO: [ app_init ] --START--
INFO: Run Behavior\BuildLiteBehavior [ RunTime:0.000018s ]
INFO: [ app_init ] --END-- [ RunTime:0.000491s ]

[ 2018-06-13T10:12:45+08:00 ] ::1 /Admin/Cases/assets/img/k.jpg
INFO: [ app_init ] --START--
INFO: Run Behavior\BuildLiteBehavior [ RunTime:0.000017s ]
INFO: [ app_init ] --END-- [ RunTime:0.000425s ]

[ 2018-06-13T10:12:45+08:00 ] ::1 /Admin/Cases/assets/img/k.jpg
INFO: [ app_init ] --START--
INFO: Run Behavior\BuildLiteBehavior [ RunTime:0.000018s ]
INFO: [ app_init ] --END-- [ RunTime:0.000506s ]

[ 2018-06-13T10:12:46+08:00 ] ::1 /Admin/Cases/assets/img/k.jpg
INFO: [ app_init ] --START--
INFO: Run Behavior\BuildLiteBehavior [ RunTime:0.000012s ]
INFO: [ app_init ] --END-- [ RunTime:0.000273s ]

[ 2018-06-13T10:12:48+08:00 ] ::1 /Admin/Cases/assets/img/k.jpg
INFO: [ app_init ] --START--
INFO: Run Behavior\BuildLiteBehavior [ RunTime:0.000024s ]
INFO: [ app_init ] --END-- [ RunTime:0.000841s ]

[ 2018-06-13T10:12:48+08:00 ] ::1 /Admin/Cases/assets/img/k.jpg
INFO: [ app_init ] --START--
INFO: Run Behavior\BuildLiteBehavior [ RunTime:0.000024s ]
INFO: [ app_init ] --END-- [ RunTime:0.001819s ]

[ 2018-06-13T10:12:48+08:00 ] ::1 /Admin/Cases/assets/img/k.jpg
INFO: [ app_init ] --START--
INFO: Run Behavior\BuildLiteBehavior [ RunTime:0.000011s ]
INFO: [ app_init ] --END-- [ RunTime:0.000268s ]

[ 2018-06-13T10:15:47+08:00 ] ::1 /Admin/Cases/assets/img/k.jpg
INFO: [ app_init ] --START--
INFO: Run Behavior\BuildLiteBehavior [ RunTime:0.000022s ]
INFO: [ app_init ] --END-- [ RunTime:0.002903s ]

[ 2018-06-13T10:15:47+08:00 ] ::1 /Admin/Cases/assets/img/k.jpg
INFO: [ app_init ] --START--
INFO: Run Behavior\BuildLiteBehavior [ RunTime:0.000012s ]
INFO: [ app_init ] --END-- [ RunTime:0.000266s ]

[ 2018-06-13T10:15:54+08:00 ] ::1 /Admin/Cases/assets/img/k.jpg
INFO: [ app_init ] --START--
INFO: Run Behavior\BuildLiteBehavior [ RunTime:0.000019s ]
INFO: [ app_init ] --END-- [ RunTime:0.000484s ]

[ 2018-06-13T10:15:54+08:00 ] ::1 /Admin/Cases/assets/img/k.jpg
INFO: [ app_init ] --START--
INFO: Run Behavior\BuildLiteBehavior [ RunTime:0.000012s ]
INFO: [ app_init ] --END-- [ RunTime:0.000287s ]

[ 2018-06-13T10:17:37+08:00 ] ::1 /Admin/Cases/assets/img/k.jpg
INFO: [ app_init ] --START--
INFO: Run Behavior\BuildLiteBehavior [ RunTime:0.000012s ]
INFO: [ app_init ] --END-- [ RunTime:0.000276s ]

[ 2018-06-13T10:17:37+08:00 ] ::1 /Admin/Cases/assets/img/k.jpg
INFO: [ app_init ] --START--
INFO: Run Behavior\BuildLiteBehavior [ RunTime:0.000018s ]
INFO: [ app_init ] --END-- [ RunTime:0.000800s ]

[ 2018-06-13T10:18:54+08:00 ] ::1 /Admin/Cases/assets/img/k.jpg
INFO: [ app_init ] --START--
INFO: Run Behavior\BuildLiteBehavior [ RunTime:0.000013s ]
INFO: [ app_init ] --END-- [ RunTime:0.000274s ]

[ 2018-06-13T10:18:55+08:00 ] ::1 /Admin/Cases/assets/img/k.jpg
INFO: [ app_init ] --START--
INFO: Run Behavior\BuildLiteBehavior [ RunTime:0.000019s ]
INFO: [ app_init ] --END-- [ RunTime:0.001339s ]

[ 2018-06-13T10:19:31+08:00 ] ::1 /Admin/Cases/assets/img/k.jpg
INFO: [ app_init ] --START--
INFO: Run Behavior\BuildLiteBehavior [ RunTime:0.000015s ]
INFO: [ app_init ] --END-- [ RunTime:0.000381s ]

[ 2018-06-13T10:20:01+08:00 ] ::1 /Admin/Cases/assets/img/k.jpg
INFO: [ app_init ] --START--
INFO: Run Behavior\BuildLiteBehavior [ RunTime:0.000016s ]
INFO: [ app_init ] --END-- [ RunTime:0.000397s ]

[ 2018-06-13T10:20:01+08:00 ] ::1 /Admin/Cases/assets/img/k.jpg
INFO: [ app_init ] --START--
INFO: Run Behavior\BuildLiteBehavior [ RunTime:0.000015s ]
INFO: [ app_init ] --END-- [ RunTime:0.000361s ]

[ 2018-06-13T10:20:53+08:00 ] ::1 /Admin/Cases/assets/img/k.jpg
INFO: [ app_init ] --START--
INFO: Run Behavior\BuildLiteBehavior [ RunTime:0.000013s ]
INFO: [ app_init ] --END-- [ RunTime:0.000300s ]

[ 2018-06-13T10:20:53+08:00 ] ::1 /Admin/Cases/assets/img/k.jpg
INFO: [ app_init ] --START--
INFO: Run Behavior\BuildLiteBehavior [ RunTime:0.000016s ]
INFO: [ app_init ] --END-- [ RunTime:0.000378s ]

[ 2018-06-13T10:20:58+08:00 ] ::1 /Admin/Cases/assets/img/k.jpg
INFO: [ app_init ] --START--
INFO: Run Behavior\BuildLiteBehavior [ RunTime:0.000012s ]
INFO: [ app_init ] --END-- [ RunTime:0.000288s ]

[ 2018-06-13T10:20:58+08:00 ] ::1 /Admin/Cases/assets/img/k.jpg
INFO: [ app_init ] --START--
INFO: Run Behavior\BuildLiteBehavior [ RunTime:0.000011s ]
INFO: [ app_init ] --END-- [ RunTime:0.000270s ]

[ 2018-06-13T10:21:02+08:00 ] ::1 /Admin/Cases/assets/img/k.jpg
INFO: [ app_init ] --START--
INFO: Run Behavior\BuildLiteBehavior [ RunTime:0.000020s ]
INFO: [ app_init ] --END-- [ RunTime:0.001546s ]

[ 2018-06-13T10:21:02+08:00 ] ::1 /Admin/Cases/assets/img/k.jpg
INFO: [ app_init ] --START--
INFO: Run Behavior\BuildLiteBehavior [ RunTime:0.000017s ]
INFO: [ app_init ] --END-- [ RunTime:0.000432s ]

[ 2018-06-13T10:22:55+08:00 ] ::1 /Admin/Cases/assets/img/k.jpg
INFO: [ app_init ] --START--
INFO: Run Behavior\BuildLiteBehavior [ RunTime:0.000012s ]
INFO: [ app_init ] --END-- [ RunTime:0.000376s ]

[ 2018-06-13T10:22:55+08:00 ] ::1 /Admin/Cases/assets/img/k.jpg
INFO: [ app_init ] --START--
INFO: Run Behavior\BuildLiteBehavior [ RunTime:0.000012s ]
INFO: [ app_init ] --END-- [ RunTime:0.000360s ]

[ 2018-06-13T10:22:58+08:00 ] ::1 /Admin/Cases/assets/img/k.jpg
INFO: [ app_init ] --START--
INFO: Run Behavior\BuildLiteBehavior [ RunTime:0.000011s ]
INFO: [ app_init ] --END-- [ RunTime:0.000269s ]

[ 2018-06-13T10:22:58+08:00 ] ::1 /Admin/Cases/assets/img/k.jpg
INFO: [ app_init ] --START--
INFO: Run Behavior\BuildLiteBehavior [ RunTime:0.000011s ]
INFO: [ app_init ] --END-- [ RunTime:0.000270s ]

[ 2018-06-13T10:24:38+08:00 ] ::1 /Admin/Cases/assets/img/k.jpg
INFO: [ app_init ] --START--
INFO: Run Behavior\BuildLiteBehavior [ RunTime:0.000012s ]
INFO: [ app_init ] --END-- [ RunTime:0.000298s ]

[ 2018-06-13T10:25:33+08:00 ] ::1 /Admin/Cases/assets/img/k.jpg
INFO: [ app_init ] --START--
INFO: Run Behavior\BuildLiteBehavior [ RunTime:0.000012s ]
INFO: [ app_init ] --END-- [ RunTime:0.000334s ]

[ 2018-06-13T10:25:33+08:00 ] ::1 /Admin/Cases/assets/img/k.jpg
INFO: [ app_init ] --START--
INFO: Run Behavior\BuildLiteBehavior [ RunTime:0.000014s ]
INFO: [ app_init ] --END-- [ RunTime:0.000381s ]

[ 2018-06-13T10:25:40+08:00 ] ::1 /Admin/Cases/assets/img/k.jpg
INFO: [ app_init ] --START--
INFO: Run Behavior\BuildLiteBehavior [ RunTime:0.000014s ]
INFO: [ app_init ] --END-- [ RunTime:0.000511s ]

[ 2018-06-13T10:25:40+08:00 ] ::1 /Admin/Cases/assets/img/k.jpg
INFO: [ app_init ] --START--
INFO: Run Behavior\BuildLiteBehavior [ RunTime:0.000012s ]
INFO: [ app_init ] --END-- [ RunTime:0.000309s ]

[ 2018-06-13T10:25:40+08:00 ] ::1 /Admin/Cases/assets/img/k.jpg
INFO: [ app_init ] --START--
INFO: Run Behavior\BuildLiteBehavior [ RunTime:0.000011s ]
INFO: [ app_init ] --END-- [ RunTime:0.000276s ]

[ 2018-06-13T10:25:40+08:00 ] ::1 /Admin/Cases/assets/img/k.jpg
INFO: [ app_init ] --START--
INFO: Run Behavior\BuildLiteBehavior [ RunTime:0.000012s ]
INFO: [ app_init ] --END-- [ RunTime:0.000307s ]

[ 2018-06-13T10:25:40+08:00 ] ::1 /Admin/Cases/assets/img/k.jpg
INFO: [ app_init ] --START--
INFO: Run Behavior\BuildLiteBehavior [ RunTime:0.000012s ]
INFO: [ app_init ] --END-- [ RunTime:0.000344s ]

[ 2018-06-13T10:25:40+08:00 ] ::1 /Admin/Cases/assets/img/k.jpg
INFO: [ app_init ] --START--
INFO: Run Behavior\BuildLiteBehavior [ RunTime:0.000020s ]
INFO: [ app_init ] --END-- [ RunTime:0.000633s ]

[ 2018-06-13T10:25:48+08:00 ] ::1 /Admin/Cases/assets/img/k.jpg
INFO: [ app_init ] --START--
INFO: Run Behavior\BuildLiteBehavior [ RunTime:0.000027s ]
INFO: [ app_init ] --END-- [ RunTime:0.000551s ]

[ 2018-06-13T10:25:49+08:00 ] ::1 /Admin/Cases/assets/img/k.jpg
INFO: [ app_init ] --START--
INFO: Run Behavior\BuildLiteBehavior [ RunTime:0.000013s ]
INFO: [ app_init ] --END-- [ RunTime:0.000283s ]

[ 2018-06-13T10:26:06+08:00 ] ::1 /Admin/Cases/assets/img/k.jpg
INFO: [ app_init ] --START--
INFO: Run Behavior\BuildLiteBehavior [ RunTime:0.000019s ]
INFO: [ app_init ] --END-- [ RunTime:0.000759s ]

[ 2018-06-13T10:26:06+08:00 ] ::1 /Admin/Cases/assets/img/k.jpg
INFO: [ app_init ] --START--
INFO: Run Behavior\BuildLiteBehavior [ RunTime:0.000012s ]
INFO: [ app_init ] --END-- [ RunTime:0.000279s ]

[ 2018-06-13T10:26:11+08:00 ] ::1 /index.php/Admin/Cases/assets/img/k.jpg
INFO: [ app_init ] --START--
INFO: Run Behavior\BuildLiteBehavior [ RunTime:0.000017s ]
INFO: [ app_init ] --END-- [ RunTime:0.000408s ]

[ 2018-06-13T10:26:11+08:00 ] ::1 /index.php/Admin/Cases/assets/img/k.jpg
INFO: [ app_init ] --START--
INFO: Run Behavior\BuildLiteBehavior [ RunTime:0.000012s ]
INFO: [ app_init ] --END-- [ RunTime:0.000276s ]

[ 2018-06-13T10:26:11+08:00 ] ::1 /index.php/Admin/Cases/assets/i/favicon.png
INFO: [ app_init ] --START--
INFO: Run Behavior\BuildLiteBehavior [ RunTime:0.000012s ]
INFO: [ app_init ] --END-- [ RunTime:0.000318s ]

[ 2018-06-13T10:26:20+08:00 ] ::1 /index.php/Admin/Cases/assets/img/k.jpg
INFO: [ app_init ] --START--
INFO: Run Behavior\BuildLiteBehavior [ RunTime:0.000018s ]
INFO: [ app_init ] --END-- [ RunTime:0.000429s ]

[ 2018-06-13T10:26:21+08:00 ] ::1 /index.php/Admin/Cases/assets/img/k.jpg
INFO: [ app_init ] --START--
INFO: Run Behavior\BuildLiteBehavior [ RunTime:0.000012s ]
INFO: [ app_init ] --END-- [ RunTime:0.000264s ]

[ 2018-06-13T10:27:16+08:00 ] ::1 /index.php/Admin/Cases/assets/img/k.jpg
INFO: [ app_init ] --START--
INFO: Run Behavior\BuildLiteBehavior [ RunTime:0.000014s ]
INFO: [ app_init ] --END-- [ RunTime:0.000343s ]

[ 2018-06-13T10:27:16+08:00 ] ::1 /index.php/Admin/Cases/assets/img/k.jpg
INFO: [ app_init ] --START--
INFO: Run Behavior\BuildLiteBehavior [ RunTime:0.000014s ]
INFO: [ app_init ] --END-- [ RunTime:0.000364s ]

[ 2018-06-13T10:27:38+08:00 ] ::1 /index.php/Admin/Cases/assets/img/k.jpg
INFO: [ app_init ] --START--
INFO: Run Behavior\BuildLiteBehavior [ RunTime:0.000014s ]
INFO: [ app_init ] --END-- [ RunTime:0.000398s ]

[ 2018-06-13T10:27:38+08:00 ] ::1 /index.php/Admin/Cases/assets/img/k.jpg
INFO: [ app_init ] --START--
INFO: Run Behavior\BuildLiteBehavior [ RunTime:0.000011s ]
INFO: [ app_init ] --END-- [ RunTime:0.000268s ]

[ 2018-06-13T10:27:47+08:00 ] ::1 /index.php/Admin/Cases/assets/img/k.jpg
INFO: [ app_init ] --START--
INFO: Run Behavior\BuildLiteBehavior [ RunTime:0.000033s ]
INFO: [ app_init ] --END-- [ RunTime:0.000628s ]

[ 2018-06-13T10:27:47+08:00 ] ::1 /index.php/Admin/Cases/assets/img/k.jpg
INFO: [ app_init ] --START--
INFO: Run Behavior\BuildLiteBehavior [ RunTime:0.000013s ]
INFO: [ app_init ] --END-- [ RunTime:0.000280s ]

[ 2018-06-13T10:28:16+08:00 ] ::1 /index.php/Admin/Cases/assets/img/k.jpg
INFO: [ app_init ] --START--
INFO: Run Behavior\BuildLiteBehavior [ RunTime:0.000013s ]
INFO: [ app_init ] --END-- [ RunTime:0.000356s ]

[ 2018-06-13T10:28:16+08:00 ] ::1 /index.php/Admin/Cases/assets/img/k.jpg
INFO: [ app_init ] --START--
INFO: Run Behavior\BuildLiteBehavior [ RunTime:0.000013s ]
INFO: [ app_init ] --END-- [ RunTime:0.000315s ]

[ 2018-06-13T10:28:21+08:00 ] ::1 /index.php/Admin/Cases/assets/img/k.jpg
INFO: [ app_init ] --START--
INFO: Run Behavior\BuildLiteBehavior [ RunTime:0.000025s ]
INFO: [ app_init ] --END-- [ RunTime:0.001477s ]

[ 2018-06-13T10:28:21+08:00 ] ::1 /index.php/Admin/Cases/assets/img/k.jpg
INFO: [ app_init ] --START--
INFO: Run Behavior\BuildLiteBehavior [ RunTime:0.000012s ]
INFO: [ app_init ] --END-- [ RunTime:0.000307s ]

[ 2018-06-13T10:33:19+08:00 ] ::1 /Admin/Cases/assets/img/k.jpg
INFO: [ app_init ] --START--
INFO: Run Behavior\BuildLiteBehavior [ RunTime:0.000011s ]
INFO: [ app_init ] --END-- [ RunTime:0.000267s ]

[ 2018-06-13T10:33:19+08:00 ] ::1 /Admin/Cases/assets/img/k.jpg
INFO: [ app_init ] --START--
INFO: Run Behavior\BuildLiteBehavior [ RunTime:0.000022s ]
INFO: [ app_init ] --END-- [ RunTime:0.000590s ]

[ 2018-06-13T10:34:21+08:00 ] ::1 /index.php/Admin/Cases/assets/img/k.jpg
INFO: [ app_init ] --START--
INFO: Run Behavior\BuildLiteBehavior [ RunTime:0.000013s ]
INFO: [ app_init ] --END-- [ RunTime:0.000321s ]

[ 2018-06-13T10:34:21+08:00 ] ::1 /index.php/Admin/Cases/assets/img/k.jpg
INFO: [ app_init ] --START--
INFO: Run Behavior\BuildLiteBehavior [ RunTime:0.000012s ]
INFO: [ app_init ] --END-- [ RunTime:0.000373s ]

[ 2018-06-13T10:34:27+08:00 ] ::1 /index.php/Admin/Cases/assets/img/k.jpg
INFO: [ app_init ] --START--
INFO: Run Behavior\BuildLiteBehavior [ RunTime:0.000020s ]
INFO: [ app_init ] --END-- [ RunTime:0.001915s ]

[ 2018-06-13T10:34:27+08:00 ] ::1 /index.php/Admin/Cases/assets/img/k.jpg
INFO: [ app_init ] --START--
INFO: Run Behavior\BuildLiteBehavior [ RunTime:0.000018s ]
INFO: [ app_init ] --END-- [ RunTime:0.000651s ]

[ 2018-06-13T10:34:33+08:00 ] ::1 /index.php/Admin/Cases/assets/img/k.jpg
INFO: [ app_init ] --START--
INFO: Run Behavior\BuildLiteBehavior [ RunTime:0.000028s ]
INFO: [ app_init ] --END-- [ RunTime:0.002229s ]

[ 2018-06-13T10:34:33+08:00 ] ::1 /index.php/Admin/Cases/assets/img/k.jpg
INFO: [ app_init ] --START--
INFO: Run Behavior\BuildLiteBehavior [ RunTime:0.000012s ]
INFO: [ app_init ] --END-- [ RunTime:0.000296s ]

[ 2018-06-13T10:34:46+08:00 ] ::1 /index.php/Admin/Cases/assets/img/k.jpg
INFO: [ app_init ] --START--
INFO: Run Behavior\BuildLiteBehavior [ RunTime:0.000016s ]
INFO: [ app_init ] --END-- [ RunTime:0.000422s ]

[ 2018-06-13T10:34:46+08:00 ] ::1 /index.php/Admin/Cases/assets/img/k.jpg
INFO: [ app_init ] --START--
INFO: Run Behavior\BuildLiteBehavior [ RunTime:0.000011s ]
INFO: [ app_init ] --END-- [ RunTime:0.000265s ]

[ 2018-06-13T10:34:52+08:00 ] ::1 /index.php/Admin/Cases/assets/img/k.jpg
INFO: [ app_init ] --START--
INFO: Run Behavior\BuildLiteBehavior [ RunTime:0.000035s ]
INFO: [ app_init ] --END-- [ RunTime:0.003472s ]

[ 2018-06-13T10:34:52+08:00 ] ::1 /index.php/Admin/Cases/assets/img/k.jpg
INFO: [ app_init ] --START--
INFO: Run Behavior\BuildLiteBehavior [ RunTime:0.000011s ]
INFO: [ app_init ] --END-- [ RunTime:0.000263s ]

[ 2018-06-13T10:35:41+08:00 ] ::1 /index.php/Admin/Cases/assets/img/k.jpg
INFO: [ app_init ] --START--
INFO: Run Behavior\BuildLiteBehavior [ RunTime:0.000018s ]
INFO: [ app_init ] --END-- [ RunTime:0.000571s ]

[ 2018-06-13T10:35:41+08:00 ] ::1 /index.php/Admin/Cases/assets/img/k.jpg
INFO: [ app_init ] --START--
INFO: Run Behavior\BuildLiteBehavior [ RunTime:0.000012s ]
INFO: [ app_init ] --END-- [ RunTime:0.000261s ]

[ 2018-06-13T10:35:42+08:00 ] ::1 /index.php/Admin/Cases/assets/img/a5.png
INFO: [ app_init ] --START--
INFO: Run Behavior\BuildLiteBehavior [ RunTime:0.000012s ]
INFO: [ app_init ] --END-- [ RunTime:0.000283s ]

[ 2018-06-13T10:35:53+08:00 ] ::1 /index.php/Admin/Cases/assets/img/a5.png
INFO: [ app_init ] --START--
INFO: Run Behavior\BuildLiteBehavior [ RunTime:0.000014s ]
INFO: [ app_init ] --END-- [ RunTime:0.000312s ]

[ 2018-06-13T10:36:00+08:00 ] ::1 /index.php/Admin/Cases/assets/img/a5.png
INFO: [ app_init ] --START--
INFO: Run Behavior\BuildLiteBehavior [ RunTime:0.000118s ]
INFO: [ app_init ] --END-- [ RunTime:0.001201s ]

[ 2018-06-13T10:38:48+08:00 ] ::1 /Admin/Cases/assets/img/k.jpg
INFO: [ app_init ] --START--
INFO: Run Behavior\BuildLiteBehavior [ RunTime:0.000024s ]
INFO: [ app_init ] --END-- [ RunTime:0.000414s ]

[ 2018-06-13T10:38:48+08:00 ] ::1 /Admin/Cases/assets/img/k.jpg
INFO: [ app_init ] --START--
INFO: Run Behavior\BuildLiteBehavior [ RunTime:0.000012s ]
INFO: [ app_init ] --END-- [ RunTime:0.000267s ]

[ 2018-06-13T11:19:52+08:00 ] ::1 /index.php/Admin/Cases/assets/img/k.jpg
INFO: [ app_init ] --START--
INFO: Run Behavior\BuildLiteBehavior [ RunTime:0.000020s ]
INFO: [ app_init ] --END-- [ RunTime:0.000940s ]

[ 2018-06-13T11:19:52+08:00 ] ::1 /index.php/Admin/Cases/assets/img/k.jpg
INFO: [ app_init ] --START--
INFO: Run Behavior\BuildLiteBehavior [ RunTime:0.000016s ]
INFO: [ app_init ] --END-- [ RunTime:0.000381s ]

[ 2018-06-13T11:32:07+08:00 ] ::1 /index.php/Admin/Cases/assets/img/k.jpg
INFO: [ app_init ] --START--
INFO: Run Behavior\BuildLiteBehavior [ RunTime:0.000012s ]
INFO: [ app_init ] --END-- [ RunTime:0.000430s ]

[ 2018-06-13T11:32:07+08:00 ] ::1 /index.php/Admin/Cases/assets/img/k.jpg
INFO: [ app_init ] --START--
INFO: Run Behavior\BuildLiteBehavior [ RunTime:0.000017s ]
INFO: [ app_init ] --END-- [ RunTime:0.000495s ]

[ 2018-06-13T11:32:26+08:00 ] ::1 /index.php/Admin/Cases/assets/img/k.jpg
INFO: [ app_init ] --START--
INFO: Run Behavior\BuildLiteBehavior [ RunTime:0.000013s ]
INFO: [ app_init ] --END-- [ RunTime:0.000301s ]

[ 2018-06-13T11:32:26+08:00 ] ::1 /index.php/Admin/Cases/assets/img/k.jpg
INFO: [ app_init ] --START--
INFO: Run Behavior\BuildLiteBehavior [ RunTime:0.000010s ]
INFO: [ app_init ] --END-- [ RunTime:0.000264s ]

[ 2018-06-13T11:32:30+08:00 ] ::1 /index.php/Admin/Cases/assets/img/k.jpg
INFO: [ app_init ] --START--
INFO: Run Behavior\BuildLiteBehavior [ RunTime:0.000012s ]
INFO: [ app_init ] --END-- [ RunTime:0.000360s ]

[ 2018-06-13T11:32:30+08:00 ] ::1 /index.php/Admin/Cases/assets/img/k.jpg
INFO: [ app_init ] --START--
INFO: Run Behavior\BuildLiteBehavior [ RunTime:0.000013s ]
INFO: [ app_init ] --END-- [ RunTime:0.000289s ]

[ 2018-06-13T11:32:33+08:00 ] ::1 /index.php/Admin/Cases/assets/img/k.jpg
INFO: [ app_init ] --START--
INFO: Run Behavior\BuildLiteBehavior [ RunTime:0.000016s ]
INFO: [ app_init ] --END-- [ RunTime:0.000421s ]

[ 2018-06-13T11:32:34+08:00 ] ::1 /index.php/Admin/Cases/assets/img/k.jpg
INFO: [ app_init ] --START--
INFO: Run Behavior\BuildLiteBehavior [ RunTime:0.000086s ]
INFO: [ app_init ] --END-- [ RunTime:0.000502s ]

[ 2018-06-13T11:32:37+08:00 ] ::1 /index.php/Admin/Cases/assets/img/k.jpg
INFO: [ app_init ] --START--
INFO: Run Behavior\BuildLiteBehavior [ RunTime:0.000012s ]
INFO: [ app_init ] --END-- [ RunTime:0.000277s ]

[ 2018-06-13T11:32:37+08:00 ] ::1 /index.php/Admin/Cases/assets/img/k.jpg
INFO: [ app_init ] --START--
INFO: Run Behavior\BuildLiteBehavior [ RunTime:0.000013s ]
INFO: [ app_init ] --END-- [ RunTime:0.000414s ]

[ 2018-06-13T11:32:38+08:00 ] ::1 /index.php/Admin/Cases/assets/img/k.jpg
INFO: [ app_init ] --START--
INFO: Run Behavior\BuildLiteBehavior [ RunTime:0.000021s ]
INFO: [ app_init ] --END-- [ RunTime:0.000680s ]

[ 2018-06-13T11:32:38+08:00 ] ::1 /index.php/Admin/Cases/assets/img/k.jpg
INFO: [ app_init ] --START--
INFO: Run Behavior\BuildLiteBehavior [ RunTime:0.000012s ]
INFO: [ app_init ] --END-- [ RunTime:0.000263s ]

[ 2018-06-13T11:33:55+08:00 ] ::1 /Admin/Cases/assets/img/k.jpg
INFO: [ app_init ] --START--
INFO: Run Behavior\BuildLiteBehavior [ RunTime:0.000018s ]
INFO: [ app_init ] --END-- [ RunTime:0.000453s ]

[ 2018-06-13T11:33:55+08:00 ] ::1 /Admin/Cases/assets/img/k.jpg
INFO: [ app_init ] --START--
INFO: Run Behavior\BuildLiteBehavior [ RunTime:0.000011s ]
INFO: [ app_init ] --END-- [ RunTime:0.000270s ]

[ 2018-06-13T11:34:41+08:00 ] ::1 /Admin/Cases/__Uploads__/2018-06-13/5b20907eead6a.png
INFO: [ app_init ] --START--
INFO: Run Behavior\BuildLiteBehavior [ RunTime:0.000018s ]
INFO: [ app_init ] --END-- [ RunTime:0.000694s ]

[ 2018-06-13T11:34:42+08:00 ] ::1 /Admin/Cases/__Uploads__/2018-06-13/5b20907eead6a.png
INFO: [ app_init ] --START--
INFO: Run Behavior\BuildLiteBehavior [ RunTime:0.000018s ]
INFO: [ app_init ] --END-- [ RunTime:0.002140s ]

[ 2018-06-13T11:35:11+08:00 ] ::1 /Admin/Cases/__Uploads__/2018-06-13/5b20907eead6a.png
INFO: [ app_init ] --START--
INFO: Run Behavior\BuildLiteBehavior [ RunTime:0.000012s ]
INFO: [ app_init ] --END-- [ RunTime:0.000281s ]

[ 2018-06-13T11:35:12+08:00 ] ::1 /Admin/Cases/__Uploads__/2018-06-13/5b20907eead6a.png
INFO: [ app_init ] --START--
INFO: Run Behavior\BuildLiteBehavior [ RunTime:0.000011s ]
INFO: [ app_init ] --END-- [ RunTime:0.000274s ]

[ 2018-06-13T11:36:52+08:00 ] ::1 /Admin/Cases/Uploads/2018-06-13/5b20907eead6a.png
INFO: [ app_init ] --START--
INFO: Run Behavior\BuildLiteBehavior [ RunTime:0.000019s ]
INFO: [ app_init ] --END-- [ RunTime:0.000577s ]

[ 2018-06-13T11:38:34+08:00 ] ::1 /Admin/Cases/2018-06-13/5b20907eead6a.png
INFO: [ app_init ] --START--
INFO: Run Behavior\BuildLiteBehavior [ RunTime:0.000011s ]
INFO: [ app_init ] --END-- [ RunTime:0.000266s ]

[ 2018-06-13T11:39:20+08:00 ] ::1 /Admin/Cases/2018-06-13/5b2091d66ff4d.png
INFO: [ app_init ] --START--
INFO: Run Behavior\BuildLiteBehavior [ RunTime:0.000014s ]
INFO: [ app_init ] --END-- [ RunTime:0.000310s ]

[ 2018-06-13T11:39:29+08:00 ] ::1 /Admin/Cases/2018-06-13/5b2091d66ff4d.png
INFO: [ app_init ] --START--
INFO: Run Behavior\BuildLiteBehavior [ RunTime:0.000014s ]
INFO: [ app_init ] --END-- [ RunTime:0.000452s ]

[ 2018-06-13T11:39:45+08:00 ] ::1 /Admin/Cases/2018-06-13/5b2091d66ff4d.png
INFO: [ app_init ] --START--
INFO: Run Behavior\BuildLiteBehavior [ RunTime:0.000012s ]
INFO: [ app_init ] --END-- [ RunTime:0.000278s ]

[ 2018-06-13T13:17:36+08:00 ] ::1 /Public/admin/kindeditor/themes/default/default.css
INFO: [ app_init ] --START--
INFO: Run Behavior\BuildLiteBehavior [ RunTime:0.000014s ]
INFO: [ app_init ] --END-- [ RunTime:0.000742s ]
ERR: 无法加载模块:Public

[ 2018-06-13T13:17:36+08:00 ] ::1 /Public/admin/kindeditor/default.png
INFO: [ app_init ] --START--
INFO: Run Behavior\BuildLiteBehavior [ RunTime:0.000034s ]
INFO: [ app_init ] --END-- [ RunTime:0.000504s ]

[ 2018-06-13T13:17:39+08:00 ] ::1 /Public/admin/kindeditor/themes/default/default.css
INFO: [ app_init ] --START--
INFO: Run Behavior\BuildLiteBehavior [ RunTime:0.000011s ]
INFO: [ app_init ] --END-- [ RunTime:0.000264s ]
ERR: 无法加载模块:Public

[ 2018-06-13T13:17:46+08:00 ] ::1 /Public/admin/kindeditor/themes/default/default.css
INFO: [ app_init ] --START--
INFO: Run Behavior\BuildLiteBehavior [ RunTime:0.000018s ]
INFO: [ app_init ] --END-- [ RunTime:0.000905s ]
ERR: 无法加载模块:Public

[ 2018-06-13T13:17:46+08:00 ] ::1 /Public/admin/kindeditor/default.png
INFO: [ app_init ] --START--
INFO: Run Behavior\BuildLiteBehavior [ RunTime:0.000016s ]
INFO: [ app_init ] --END-- [ RunTime:0.000708s ]

[ 2018-06-13T13:19:13+08:00 ] ::1 /Public/admin/kindeditor/theme/default/default.css
INFO: [ app_init ] --START--
INFO: Run Behavior\BuildLiteBehavior [ RunTime:0.000017s ]
INFO: [ app_init ] --END-- [ RunTime:0.000412s ]
ERR: 无法加载模块:Public

[ 2018-06-13T13:19:13+08:00 ] ::1 /Public/admin/kindeditor/kindeditor-min.js
INFO: [ app_init ] --START--
INFO: Run Behavior\BuildLiteBehavior [ RunTime:0.000014s ]
INFO: [ app_init ] --END-- [ RunTime:0.000375s ]
ERR: 无法加载模块:Public

[ 2018-06-13T13:19:13+08:00 ] ::1 /Public/admin/kindeditor/theme/default/default.css
INFO: [ app_init ] --START--
INFO: Run Behavior\BuildLiteBehavior [ RunTime:0.000017s ]
INFO: [ app_init ] --END-- [ RunTime:0.000388s ]
ERR: 无法加载模块:Public

[ 2018-06-13T13:19:13+08:00 ] ::1 /Public/admin/kindeditor/kindeditor-min.js
INFO: [ app_init ] --START--
INFO: Run Behavior\BuildLiteBehavior [ RunTime:0.000011s ]
INFO: [ app_init ] --END-- [ RunTime:0.000267s ]
ERR: 无法加载模块:Public

[ 2018-06-13T13:19:35+08:00 ] ::1 /Public/admin/kindeditor/theme/default/default.css
INFO: [ app_init ] --START--
INFO: Run Behavior\BuildLiteBehavior [ RunTime:0.000015s ]
INFO: [ app_init ] --END-- [ RunTime:0.000359s ]
ERR: 无法加载模块:Public

[ 2018-06-13T13:19:35+08:00 ] ::1 /Public/admin/kindeditor/kindeditor-min.js
INFO: [ app_init ] --START--
INFO: Run Behavior\BuildLiteBehavior [ RunTime:0.000012s ]
INFO: [ app_init ] --END-- [ RunTime:0.000356s ]
ERR: 无法加载模块:Public

[ 2018-06-13T13:19:35+08:00 ] ::1 /Public/admin/kindeditor/theme/default/default.css
INFO: [ app_init ] --START--
INFO: Run Behavior\BuildLiteBehavior [ RunTime:0.000017s ]
INFO: [ app_init ] --END-- [ RunTime:0.000433s ]
ERR: 无法加载模块:Public

[ 2018-06-13T13:19:35+08:00 ] ::1 /Public/admin/kindeditor/kindeditor-min.js
INFO: [ app_init ] --START--
INFO: Run Behavior\BuildLiteBehavior [ RunTime:0.000010s ]
INFO: [ app_init ] --END-- [ RunTime:0.000258s ]
ERR: 无法加载模块:Public

[ 2018-06-13T13:19:44+08:00 ] ::1 /Public/admin/kindeditor/theme/default/default.css
INFO: [ app_init ] --START--
INFO: Run Behavior\BuildLiteBehavior [ RunTime:0.000022s ]
INFO: [ app_init ] --END-- [ RunTime:0.000966s ]
ERR: 无法加载模块:Public

[ 2018-06-13T13:19:44+08:00 ] ::1 /Public/admin/kindeditor/kindeditor-min.js
INFO: [ app_init ] --START--
INFO: Run Behavior\BuildLiteBehavior [ RunTime:0.000014s ]
INFO: [ app_init ] --END-- [ RunTime:0.000368s ]
ERR: 无法加载模块:Public

[ 2018-06-13T13:19:44+08:00 ] ::1 /Public/admin/kindeditor/theme/default/default.css
INFO: [ app_init ] --START--
INFO: Run Behavior\BuildLiteBehavior [ RunTime:0.000013s ]
INFO: [ app_init ] --END-- [ RunTime:0.000317s ]
ERR: 无法加载模块:Public

[ 2018-06-13T13:19:44+08:00 ] ::1 /Public/admin/kindeditor/kindeditor-min.js
INFO: [ app_init ] --START--
INFO: Run Behavior\BuildLiteBehavior [ RunTime:0.000012s ]
INFO: [ app_init ] --END-- [ RunTime:0.000308s ]
ERR: 无法加载模块:Public

[ 2018-06-13T13:30:09+08:00 ] ::1 /Admin/Cases/2018-06-13/5b20921343094.png
INFO: [ app_init ] --START--
INFO: Run Behavior\BuildLiteBehavior [ RunTime:0.000012s ]
INFO: [ app_init ] --END-- [ RunTime:0.000308s ]

[ 2018-06-13T13:30:15+08:00 ] ::1 /Admin/Cases/2018-06-13/5b20921343094.png
INFO: [ app_init ] --START--
INFO: Run Behavior\BuildLiteBehavior [ RunTime:0.000012s ]
INFO: [ app_init ] --END-- [ RunTime:0.000299s ]

[ 2018-06-13T13:30:37+08:00 ] ::1 /Admin/Cases/2018-06-13/5b20921343094.png
INFO: [ app_init ] --START--
INFO: Run Behavior\BuildLiteBehavior [ RunTime:0.000014s ]
INFO: [ app_init ] --END-- [ RunTime:0.000314s ]

[ 2018-06-13T13:31:00+08:00 ] ::1 /Admin/Cases/2018-06-13/5b20921343094.png
INFO: [ app_init ] --START--
INFO: Run Behavior\BuildLiteBehavior [ RunTime:0.000019s ]
INFO: [ app_init ] --END-- [ RunTime:0.000875s ]

[ 2018-06-13T13:31:02+08:00 ] ::1 /Admin/Cases/2018-06-13/5b20921343094.png
INFO: [ app_init ] --START--
INFO: Run Behavior\BuildLiteBehavior [ RunTime:0.000012s ]
INFO: [ app_init ] --END-- [ RunTime:0.000265s ]

[ 2018-06-13T13:31:15+08:00 ] ::1 /Admin/Cases/2018-06-13/5b20921343094.png
INFO: [ app_init ] --START--
INFO: Run Behavior\BuildLiteBehavior [ RunTime:0.000020s ]
INFO: [ app_init ] --END-- [ RunTime:0.001814s ]

[ 2018-06-13T13:33:21+08:00 ] ::1 /Admin/Cases/2018-06-13/5b20ac9c7693d.png
INFO: [ app_init ] --START--
INFO: Run Behavior\BuildLiteBehavior [ RunTime:0.000019s ]
INFO: [ app_init ] --END-- [ RunTime:0.000731s ]

[ 2018-06-13T13:33:30+08:00 ] ::1 /Admin/Cases/2018-06-13/5b20ac9c7693d.png
INFO: [ app_init ] --START--
INFO: Run Behavior\BuildLiteBehavior [ RunTime:0.000011s ]
INFO: [ app_init ] --END-- [ RunTime:0.000273s ]

[ 2018-06-13T13:33:35+08:00 ] ::1 /Admin/Cases/2018-06-13/5b20ac9c7693d.png
INFO: [ app_init ] --START--
INFO: Run Behavior\BuildLiteBehavior [ RunTime:0.000012s ]
INFO: [ app_init ] --END-- [ RunTime:0.000273s ]

